<?xml version="1.0" encoding="UTF-8"?>
<Site BuildName="Win32-MSBuild"
	BuildStamp="20260219-1801-Experimental"
	Name="AMAENOS-DESKTOP"
	Generator="ctest-4.2.3"
	CompilerName="C:/Program Files/Microsoft Visual Studio/2022/Community/VC/Tools/MSVC/14.44.35207/bin/Hostx64/x64/cl.exe"
	CompilerVersion="19.44.35207.1"
	OSName="Windows"
	Hostname="AMAENOS-DESKTOP"
	OSRelease="10.0.22631"
	OSVersion="Windows 10"
	OSPlatform="AMD64"
	Is64Bits="1"
	VendorString="GenuineIntel"
	VendorID="Intel Corporation"
	FamilyID="6"
	ModelID="14"
	ModelName=""
	ProcessorCacheSize="-1"
	NumberOfLogicalCPU="12"
	NumberOfPhysicalCPU="6"
	TotalVirtualMemory="30942"
	TotalPhysicalMemory="16094"
	LogicalProcessorsPerPhysical="2"
	ProcessorClockFrequency="2208"
	>
	<Testing>
		<StartDateTime>Feb 20 09:50 SE Asia Standard Time</StartDateTime>
		<StartTestTime>1771555817</StartTestTime>
		<TestList/>
		<EndDateTime>Feb 20 09:50 SE Asia Standard Time</EndDateTime>
		<EndTestTime>1771555817</EndTestTime>
		<ElapsedMinutes>0</ElapsedMinutes>
	</Testing>
</Site>
